[2025-09-30 01:07:11.074 +06:00] [WRN] Overriding address(es) 'http://0.0.0.0:5000'. Binding to endpoints defined via IConfiguration and/or UseKestrel() instead.
[2025-09-30 01:07:11.820 +06:00] [INF] [0HNFVHDICGS7I:00000001] ==> [Request : GET ==> /] | Body: 
[2025-09-30 01:07:11.924 +06:00] [INF] [0HNFVHDICGS7I:00000001] <== [Response : 200] | Body: 
<!DOCTYPE html>
<html lang="en">
<head>
    <meta charset="utf-8" />
    <title>Mock API Server</title>
    <style>
        body {
            margin: 0;
            padding: 0;
            height: 100vh;
            display: flex;
            align-items: center;
            justify-content: center;
            font-family: "Segoe UI", Roboto, Helvetica, Arial, sans-serif;
            background: linear-gradient(135deg, #1d3557, #457b9d);
            color: #f1faee;
        }

        .card {
            background: #fff;
            color: #2c3e50;
            padding: 3rem 4rem;
            border-radius: 16px;
            text-align: center;
            box-shadow: 0 8px 24px rgba(0,0,0,0.15);
            max-width: 600px;
            width: 100%;
            animation: fadeIn 1s ease-in-out;
        }

        h1 {
            margin-bottom: 1rem;
            font-size: 2.5rem;
            font-weight: 700;
            color: #1d3557;
        }

        p {
            font-size: 1.2rem;
            margin-bottom: 2rem;
            color: #555;
        }

        a {
            display: inline-block;
            margin: 0.5rem;
            padding: 0.7rem 1.2rem;
            font-size: 1rem;
            text-decoration: none;
            border-radius: 8px;
            transition: all 0.3s ease;
        }

            a.primary {
                background: #457b9d;
                color: #fff;
            }

                a.primary:hover {
                    background: #1d3557;
                }

            a.secondary {
                background: #f1faee;
                color: #457b9d;
                border: 1px solid #457b9d;
            }

                a.secondary:hover {
                    background: #e5e5e5;
                }

        .footer {
            margin-top: 2rem;
            font-size: 0.9rem;
            color: #aaa;
        }

        @keyframes fadeIn {
            from

        {
            opacity: 0;
            transform: translateY(20px);
        }

        to {
            opacity: 1;
            transform: translateY(0);
        }

        }
    </style>
</head>
<body>
    <div class="card">
        <h1>&#x26A1; Mock API Server</h1>
        <p>The server is running and ready to serve mock APIs.</p>
        <div>
            <a href="/swagger" class="primary">Swagger UI</a>
            <a href="/health" class="secondary">Health Check</a>
        </div>
        <div class="footer">© 2025 Mock API Server</div>
    </div>
</body>
</html>

